<?xml version="1.0" encoding="UTF-8"?>
<!-- Generated by org.testng.reporters.JUnitXMLReporter -->
<testsuite hostname="KirubanandR" name="Validating title in the Page" tests="1" failures="1" timestamp="21 Jul 2017 12:25:35 GMT" time="12.379" errors="0">
  <testcase name="validateAppTitle" time="0.209" classname="Selenium.validateTitle">
    <failure type="java.lang.AssertionError" message="expected [FEATURED CO123URSES] but found [FEATURED COURSES]">
      <![CDATA[java.lang.AssertionError: expected [FEATURED CO123URSES] but found [FEATURED COURSES]
	at Selenium.validateTitle.validateAppTitle(validateTitle.java:38)
... Removed 29 stack frames]]>
    </failure>
  </testcase> <!-- validateAppTitle -->
</testsuite> <!-- Validating title in the Page -->
