<?xml version="1.0" encoding="UTF-8"?>
<testng-results skipped="0" failed="1" total="14" passed="13">
  <reporter-output>
  </reporter-output>
  <suite name="Default suite" duration-ms="9198380" started-at="2013-06-08T07:37:22Z" finished-at="2013-06-08T10:10:41Z">
    <groups>
    </groups>
    <test name="Default test" duration-ms="9198380" started-at="2013-06-08T07:37:22Z" finished-at="2013-06-08T10:10:41Z">
      <class name="AvaticsTestcases.Testcase1">
        <test-method status="PASS" signature="com()[pri:0, instance:AvaticsTestcases.Testcase1@c11cd0]" name="com" is-config="true" duration-ms="4390" started-at="2013-06-08T13:07:22Z" finished-at="2013-06-08T13:07:27Z">
          <reporter-output>
          </reporter-output>
        </test-method> <!-- com -->
        <test-method status="PASS" signature="test1()[pri:0, instance:AvaticsTestcases.Testcase1@c11cd0]" name="test1" duration-ms="5956" started-at="2013-06-08T13:07:27Z" finished-at="2013-06-08T13:07:33Z">
          <reporter-output>
          </reporter-output>
        </test-method> <!-- test1 -->
        <test-method status="PASS" signature="common()[pri:0, instance:AvaticsTestcases.Testcase1@c11cd0]" name="common" is-config="true" duration-ms="860" started-at="2013-06-08T13:07:33Z" finished-at="2013-06-08T13:07:34Z">
          <reporter-output>
          </reporter-output>
        </test-method> <!-- common -->
        <test-method status="PASS" signature="com()[pri:0, instance:AvaticsTestcases.Testcase1@c11cd0]" name="com" is-config="true" duration-ms="6293" started-at="2013-06-08T13:07:34Z" finished-at="2013-06-08T13:07:40Z">
          <reporter-output>
          </reporter-output>
        </test-method> <!-- com -->
        <test-method status="PASS" signature="test10()[pri:0, instance:AvaticsTestcases.Testcase1@c11cd0]" name="test10" duration-ms="7156" started-at="2013-06-08T13:07:40Z" finished-at="2013-06-08T13:07:47Z">
          <reporter-output>
          </reporter-output>
        </test-method> <!-- test10 -->
        <test-method status="PASS" signature="common()[pri:0, instance:AvaticsTestcases.Testcase1@c11cd0]" name="common" is-config="true" duration-ms="381" started-at="2013-06-08T13:07:47Z" finished-at="2013-06-08T13:07:47Z">
          <reporter-output>
          </reporter-output>
        </test-method> <!-- common -->
        <test-method status="PASS" signature="com()[pri:0, instance:AvaticsTestcases.Testcase1@c11cd0]" name="com" is-config="true" duration-ms="3390" started-at="2013-06-08T13:07:47Z" finished-at="2013-06-08T13:07:51Z">
          <reporter-output>
          </reporter-output>
        </test-method> <!-- com -->
        <test-method status="PASS" signature="test11()[pri:0, instance:AvaticsTestcases.Testcase1@c11cd0]" name="test11" duration-ms="3476" started-at="2013-06-08T13:07:51Z" finished-at="2013-06-08T13:07:54Z">
          <reporter-output>
          </reporter-output>
        </test-method> <!-- test11 -->
        <test-method status="PASS" signature="common()[pri:0, instance:AvaticsTestcases.Testcase1@c11cd0]" name="common" is-config="true" duration-ms="2350" started-at="2013-06-08T13:07:54Z" finished-at="2013-06-08T13:07:57Z">
          <reporter-output>
          </reporter-output>
        </test-method> <!-- common -->
        <test-method status="PASS" signature="com()[pri:0, instance:AvaticsTestcases.Testcase1@c11cd0]" name="com" is-config="true" duration-ms="3471" started-at="2013-06-08T13:07:57Z" finished-at="2013-06-08T13:08:00Z">
          <reporter-output>
          </reporter-output>
        </test-method> <!-- com -->
        <test-method status="PASS" signature="test12()[pri:0, instance:AvaticsTestcases.Testcase1@c11cd0]" name="test12" duration-ms="4762" started-at="2013-06-08T13:08:00Z" finished-at="2013-06-08T13:08:05Z">
          <reporter-output>
          </reporter-output>
        </test-method> <!-- test12 -->
        <test-method status="PASS" signature="common()[pri:0, instance:AvaticsTestcases.Testcase1@c11cd0]" name="common" is-config="true" duration-ms="2180" started-at="2013-06-08T13:08:05Z" finished-at="2013-06-08T13:08:07Z">
          <reporter-output>
          </reporter-output>
        </test-method> <!-- common -->
        <test-method status="PASS" signature="com()[pri:0, instance:AvaticsTestcases.Testcase1@c11cd0]" name="com" is-config="true" duration-ms="3361" started-at="2013-06-08T13:08:07Z" finished-at="2013-06-08T13:08:10Z">
          <reporter-output>
          </reporter-output>
        </test-method> <!-- com -->
        <test-method status="PASS" signature="test13()[pri:0, instance:AvaticsTestcases.Testcase1@c11cd0]" name="test13" duration-ms="3302" started-at="2013-06-08T13:08:10Z" finished-at="2013-06-08T13:08:14Z">
          <reporter-output>
          </reporter-output>
        </test-method> <!-- test13 -->
        <test-method status="PASS" signature="common()[pri:0, instance:AvaticsTestcases.Testcase1@c11cd0]" name="common" is-config="true" duration-ms="4046" started-at="2013-06-08T13:08:14Z" finished-at="2013-06-08T13:08:18Z">
          <reporter-output>
          </reporter-output>
        </test-method> <!-- common -->
        <test-method status="PASS" signature="com()[pri:0, instance:AvaticsTestcases.Testcase1@c11cd0]" name="com" is-config="true" duration-ms="4400" started-at="2013-06-08T13:08:18Z" finished-at="2013-06-08T13:08:22Z">
          <reporter-output>
          </reporter-output>
        </test-method> <!-- com -->
        <test-method status="PASS" signature="test14()[pri:0, instance:AvaticsTestcases.Testcase1@c11cd0]" name="test14" duration-ms="10228" started-at="2013-06-08T13:08:22Z" finished-at="2013-06-08T13:08:32Z">
          <reporter-output>
          </reporter-output>
        </test-method> <!-- test14 -->
        <test-method status="PASS" signature="common()[pri:0, instance:AvaticsTestcases.Testcase1@c11cd0]" name="common" is-config="true" duration-ms="1711" started-at="2013-06-08T13:08:32Z" finished-at="2013-06-08T13:08:34Z">
          <reporter-output>
          </reporter-output>
        </test-method> <!-- common -->
        <test-method status="PASS" signature="com()[pri:0, instance:AvaticsTestcases.Testcase1@c11cd0]" name="com" is-config="true" duration-ms="7484" started-at="2013-06-08T13:08:34Z" finished-at="2013-06-08T13:08:42Z">
          <reporter-output>
          </reporter-output>
        </test-method> <!-- com -->
        <test-method status="PASS" signature="test2()[pri:0, instance:AvaticsTestcases.Testcase1@c11cd0]" name="test2" duration-ms="390" started-at="2013-06-08T13:08:42Z" finished-at="2013-06-08T13:08:42Z">
          <reporter-output>
          </reporter-output>
        </test-method> <!-- test2 -->
        <test-method status="PASS" signature="common()[pri:0, instance:AvaticsTestcases.Testcase1@c11cd0]" name="common" is-config="true" duration-ms="3921" started-at="2013-06-08T13:08:42Z" finished-at="2013-06-08T13:08:46Z">
          <reporter-output>
          </reporter-output>
        </test-method> <!-- common -->
        <test-method status="PASS" signature="com()[pri:0, instance:AvaticsTestcases.Testcase1@c11cd0]" name="com" is-config="true" duration-ms="4441" started-at="2013-06-08T13:08:46Z" finished-at="2013-06-08T13:08:50Z">
          <reporter-output>
          </reporter-output>
        </test-method> <!-- com -->
        <test-method status="PASS" signature="test3()[pri:0, instance:AvaticsTestcases.Testcase1@c11cd0]" name="test3" duration-ms="4742" started-at="2013-06-08T13:08:50Z" finished-at="2013-06-08T13:08:55Z">
          <reporter-output>
          </reporter-output>
        </test-method> <!-- test3 -->
        <test-method status="PASS" signature="common()[pri:0, instance:AvaticsTestcases.Testcase1@c11cd0]" name="common" is-config="true" duration-ms="750" started-at="2013-06-08T13:08:55Z" finished-at="2013-06-08T13:08:56Z">
          <reporter-output>
          </reporter-output>
        </test-method> <!-- common -->
        <test-method status="PASS" signature="com()[pri:0, instance:AvaticsTestcases.Testcase1@c11cd0]" name="com" is-config="true" duration-ms="3981" started-at="2013-06-08T13:08:56Z" finished-at="2013-06-08T13:09:00Z">
          <reporter-output>
          </reporter-output>
        </test-method> <!-- com -->
        <test-method status="PASS" signature="test4()[pri:0, instance:AvaticsTestcases.Testcase1@c11cd0]" name="test4" duration-ms="4476" started-at="2013-06-08T13:09:00Z" finished-at="2013-06-08T13:09:04Z">
          <reporter-output>
          </reporter-output>
        </test-method> <!-- test4 -->
        <test-method status="PASS" signature="common()[pri:0, instance:AvaticsTestcases.Testcase1@c11cd0]" name="common" is-config="true" duration-ms="1020" started-at="2013-06-08T13:09:04Z" finished-at="2013-06-08T13:09:05Z">
          <reporter-output>
          </reporter-output>
        </test-method> <!-- common -->
        <test-method status="PASS" signature="com()[pri:0, instance:AvaticsTestcases.Testcase1@c11cd0]" name="com" is-config="true" duration-ms="7284" started-at="2013-06-08T13:09:05Z" finished-at="2013-06-08T13:09:13Z">
          <reporter-output>
          </reporter-output>
        </test-method> <!-- com -->
        <test-method status="PASS" signature="test5()[pri:0, instance:AvaticsTestcases.Testcase1@c11cd0]" name="test5" duration-ms="12047" started-at="2013-06-08T13:09:13Z" finished-at="2013-06-08T13:09:25Z">
          <reporter-output>
          </reporter-output>
        </test-method> <!-- test5 -->
        <test-method status="PASS" signature="common()[pri:0, instance:AvaticsTestcases.Testcase1@c11cd0]" name="common" is-config="true" duration-ms="371" started-at="2013-06-08T13:09:25Z" finished-at="2013-06-08T13:09:25Z">
          <reporter-output>
          </reporter-output>
        </test-method> <!-- common -->
        <test-method status="PASS" signature="com()[pri:0, instance:AvaticsTestcases.Testcase1@c11cd0]" name="com" is-config="true" duration-ms="3540" started-at="2013-06-08T13:09:25Z" finished-at="2013-06-08T13:09:29Z">
          <reporter-output>
          </reporter-output>
        </test-method> <!-- com -->
        <test-method status="PASS" signature="test6()[pri:0, instance:AvaticsTestcases.Testcase1@c11cd0]" name="test6" duration-ms="5542" started-at="2013-06-08T13:09:29Z" finished-at="2013-06-08T13:09:34Z">
          <reporter-output>
          </reporter-output>
        </test-method> <!-- test6 -->
        <test-method status="PASS" signature="common()[pri:0, instance:AvaticsTestcases.Testcase1@c11cd0]" name="common" is-config="true" duration-ms="340" started-at="2013-06-08T13:09:34Z" finished-at="2013-06-08T13:09:34Z">
          <reporter-output>
          </reporter-output>
        </test-method> <!-- common -->
        <test-method status="PASS" signature="com()[pri:0, instance:AvaticsTestcases.Testcase1@c11cd0]" name="com" is-config="true" duration-ms="3600" started-at="2013-06-08T13:09:34Z" finished-at="2013-06-08T13:09:38Z">
          <reporter-output>
          </reporter-output>
        </test-method> <!-- com -->
        <test-method status="PASS" signature="test7()[pri:0, instance:AvaticsTestcases.Testcase1@c11cd0]" name="test7" duration-ms="14617" started-at="2013-06-08T13:09:38Z" finished-at="2013-06-08T13:09:53Z">
          <reporter-output>
          </reporter-output>
        </test-method> <!-- test7 -->
        <test-method status="PASS" signature="common()[pri:0, instance:AvaticsTestcases.Testcase1@c11cd0]" name="common" is-config="true" duration-ms="2981" started-at="2013-06-08T13:09:53Z" finished-at="2013-06-08T13:09:56Z">
          <reporter-output>
          </reporter-output>
        </test-method> <!-- common -->
        <test-method status="PASS" signature="com()[pri:0, instance:AvaticsTestcases.Testcase1@c11cd0]" name="com" is-config="true" duration-ms="7163" started-at="2013-06-08T13:09:56Z" finished-at="2013-06-08T13:10:03Z">
          <reporter-output>
          </reporter-output>
        </test-method> <!-- com -->
        <test-method status="PASS" signature="test8()[pri:0, instance:AvaticsTestcases.Testcase1@c11cd0]" name="test8" duration-ms="6786" started-at="2013-06-08T13:10:03Z" finished-at="2013-06-08T13:10:10Z">
          <reporter-output>
          </reporter-output>
        </test-method> <!-- test8 -->
        <test-method status="PASS" signature="common()[pri:0, instance:AvaticsTestcases.Testcase1@c11cd0]" name="common" is-config="true" duration-ms="7583" started-at="2013-06-08T13:10:10Z" finished-at="2013-06-08T13:10:17Z">
          <reporter-output>
          </reporter-output>
        </test-method> <!-- common -->
        <test-method status="PASS" signature="com()[pri:0, instance:AvaticsTestcases.Testcase1@c11cd0]" name="com" is-config="true" duration-ms="3701" started-at="2013-06-08T13:10:17Z" finished-at="2013-06-08T13:10:21Z">
          <reporter-output>
          </reporter-output>
        </test-method> <!-- com -->
        <test-method status="FAIL" signature="test9()[pri:0, instance:AvaticsTestcases.Testcase1@c11cd0]" name="test9" duration-ms="9018842" started-at="2013-06-08T13:10:21Z" finished-at="2013-06-08T15:40:40Z">
          <exception class="org.openqa.selenium.remote.UnreachableBrowserException">
            <message>
              <![CDATA[Error communicating with the remote browser. It may have died.
Build info: version: '2.32.0', revision: '6c40c18', time: '2013-04-09 17:23:22'
System info: os.name: 'Windows 7', os.arch: 'amd64', os.version: '6.1', java.version: '1.7.0'
Driver info: driver.version: RemoteWebDriver]]>
            </message>
            <full-stacktrace>
              <![CDATA[org.openqa.selenium.remote.UnreachableBrowserException: Error communicating with the remote browser. It may have died.
Build info: version: '2.32.0', revision: '6c40c18', time: '2013-04-09 17:23:22'
System info: os.name: 'Windows 7', os.arch: 'amd64', os.version: '6.1', java.version: '1.7.0'
Driver info: driver.version: RemoteWebDriver
	at org.openqa.selenium.remote.RemoteWebDriver.execute(RemoteWebDriver.java:548)
	at org.openqa.selenium.remote.RemoteWebDriver.findElement(RemoteWebDriver.java:307)
	at org.openqa.selenium.remote.RemoteWebDriver.findElementByXPath(RemoteWebDriver.java:404)
	at org.openqa.selenium.By$ByXPath.findElement(By.java:344)
	at org.openqa.selenium.remote.RemoteWebDriver.findElement(RemoteWebDriver.java:299)
	at org.openqa.selenium.support.pagefactory.DefaultElementLocator.findElement(DefaultElementLocator.java:59)
	at org.openqa.selenium.support.pagefactory.internal.LocatingElementHandler.invoke(LocatingElementHandler.java:34)
	at $Proxy8.click(Unknown Source)
	at AvaticsTestcases.Testcase1.test9(Testcase1.java:166)
	at sun.reflect.NativeMethodAccessorImpl.invoke0(Native Method)
	at sun.reflect.NativeMethodAccessorImpl.invoke(NativeMethodAccessorImpl.java:57)
	at sun.reflect.DelegatingMethodAccessorImpl.invoke(DelegatingMethodAccessorImpl.java:43)
	at java.lang.reflect.Method.invoke(Method.java:601)
	at org.testng.internal.MethodInvocationHelper.invokeMethod(MethodInvocationHelper.java:84)
	at org.testng.internal.Invoker.invokeMethod(Invoker.java:714)
	at org.testng.internal.Invoker.invokeTestMethod(Invoker.java:901)
	at org.testng.internal.Invoker.invokeTestMethods(Invoker.java:1231)
	at org.testng.internal.TestMethodWorker.invokeTestMethods(TestMethodWorker.java:127)
	at org.testng.internal.TestMethodWorker.run(TestMethodWorker.java:111)
	at org.testng.TestRunner.privateRun(TestRunner.java:767)
	at org.testng.TestRunner.run(TestRunner.java:617)
	at org.testng.SuiteRunner.runTest(SuiteRunner.java:334)
	at org.testng.SuiteRunner.runSequentially(SuiteRunner.java:329)
	at org.testng.SuiteRunner.privateRun(SuiteRunner.java:291)
	at org.testng.SuiteRunner.run(SuiteRunner.java:240)
	at org.testng.SuiteRunnerWorker.runSuite(SuiteRunnerWorker.java:52)
	at org.testng.SuiteRunnerWorker.run(SuiteRunnerWorker.java:86)
	at org.testng.TestNG.runSuitesSequentially(TestNG.java:1224)
	at org.testng.TestNG.runSuitesLocally(TestNG.java:1149)
	at org.testng.TestNG.run(TestNG.java:1057)
	at org.testng.remote.RemoteTestNG.run(RemoteTestNG.java:111)
	at org.testng.remote.RemoteTestNG.initAndRun(RemoteTestNG.java:204)
	at org.testng.remote.RemoteTestNG.main(RemoteTestNG.java:175)
Caused by: org.apache.http.conn.HttpHostConnectException: Connection to http://127.0.0.1:7055 refused
	at org.apache.http.impl.conn.DefaultClientConnectionOperator.openConnection(DefaultClientConnectionOperator.java:190)
	at org.apache.http.impl.conn.AbstractPoolEntry.open(AbstractPoolEntry.java:151)
	at org.apache.http.impl.conn.AbstractPooledConnAdapter.open(AbstractPooledConnAdapter.java:125)
	at org.apache.http.impl.client.DefaultRequestDirector.tryConnect(DefaultRequestDirector.java:640)
	at org.apache.http.impl.client.DefaultRequestDirector.execute(DefaultRequestDirector.java:479)
	at org.apache.http.impl.client.AbstractHttpClient.execute(AbstractHttpClient.java:906)
	at org.openqa.selenium.remote.HttpCommandExecutor.fallBackExecute(HttpCommandExecutor.java:334)
	at org.openqa.selenium.remote.HttpCommandExecutor.execute(HttpCommandExecutor.java:295)
	at org.openqa.selenium.firefox.internal.NewProfileExtensionConnection.execute(NewProfileExtensionConnection.java:133)
	at org.openqa.selenium.firefox.FirefoxDriver$LazyCommandExecutor.execute(FirefoxDriver.java:355)
	at org.openqa.selenium.remote.RemoteWebDriver.execute(RemoteWebDriver.java:527)
	... 32 more
Caused by: java.net.ConnectException: Connection refused: connect
	at java.net.DualStackPlainSocketImpl.waitForConnect(Native Method)
	at java.net.DualStackPlainSocketImpl.socketConnect(DualStackPlainSocketImpl.java:75)
	at java.net.AbstractPlainSocketImpl.doConnect(AbstractPlainSocketImpl.java:337)
	at java.net.AbstractPlainSocketImpl.connectToAddress(AbstractPlainSocketImpl.java:198)
	at java.net.AbstractPlainSocketImpl.connect(AbstractPlainSocketImpl.java:180)
	at java.net.PlainSocketImpl.connect(PlainSocketImpl.java:157)
	at java.net.SocksSocketImpl.connect(SocksSocketImpl.java:391)
	at java.net.Socket.connect(Socket.java:579)
	at org.apache.http.conn.scheme.PlainSocketFactory.connectSocket(PlainSocketFactory.java:127)
	at org.apache.http.impl.conn.DefaultClientConnectionOperator.openConnection(DefaultClientConnectionOperator.java:180)
	... 42 more
]]>
            </full-stacktrace>
          </exception> <!-- org.openqa.selenium.remote.UnreachableBrowserException -->
          <reporter-output>
          </reporter-output>
        </test-method> <!-- test9 -->
        <test-method status="FAIL" signature="common()[pri:0, instance:AvaticsTestcases.Testcase1@c11cd0]" name="common" is-config="true" duration-ms="0" started-at="2013-06-08T15:40:40Z" finished-at="2013-06-08T15:40:40Z">
          <exception class="org.openqa.selenium.remote.UnreachableBrowserException">
            <message>
              <![CDATA[Error communicating with the remote browser. It may have died.
Build info: version: '2.32.0', revision: '6c40c18', time: '2013-04-09 17:23:22'
System info: os.name: 'Windows 7', os.arch: 'amd64', os.version: '6.1', java.version: '1.7.0'
Driver info: driver.version: RemoteWebDriver]]>
            </message>
            <full-stacktrace>
              <![CDATA[org.openqa.selenium.remote.UnreachableBrowserException: Error communicating with the remote browser. It may have died.
Build info: version: '2.32.0', revision: '6c40c18', time: '2013-04-09 17:23:22'
System info: os.name: 'Windows 7', os.arch: 'amd64', os.version: '6.1', java.version: '1.7.0'
Driver info: driver.version: RemoteWebDriver
	at org.openqa.selenium.remote.RemoteWebDriver.execute(RemoteWebDriver.java:548)
	at org.openqa.selenium.remote.RemoteWebDriver.findElement(RemoteWebDriver.java:307)
	at org.openqa.selenium.remote.RemoteWebDriver.findElementByLinkText(RemoteWebDriver.java:356)
	at org.openqa.selenium.By$ByLinkText.findElement(By.java:241)
	at org.openqa.selenium.remote.RemoteWebDriver.findElement(RemoteWebDriver.java:299)
	at org.openqa.selenium.support.pagefactory.DefaultElementLocator.findElement(DefaultElementLocator.java:59)
	at org.openqa.selenium.support.pagefactory.internal.LocatingElementHandler.invoke(LocatingElementHandler.java:34)
	at $Proxy8.click(Unknown Source)
	at AvaticsTestcases.Testcase1.common(Testcase1.java:188)
	at sun.reflect.NativeMethodAccessorImpl.invoke0(Native Method)
	at sun.reflect.NativeMethodAccessorImpl.invoke(NativeMethodAccessorImpl.java:57)
	at sun.reflect.DelegatingMethodAccessorImpl.invoke(DelegatingMethodAccessorImpl.java:43)
	at java.lang.reflect.Method.invoke(Method.java:601)
	at org.testng.internal.MethodInvocationHelper.invokeMethod(MethodInvocationHelper.java:84)
	at org.testng.internal.Invoker.invokeConfigurationMethod(Invoker.java:564)
	at org.testng.internal.Invoker.invokeConfigurations(Invoker.java:213)
	at org.testng.internal.Invoker.invokeMethod(Invoker.java:786)
	at org.testng.internal.Invoker.invokeTestMethod(Invoker.java:901)
	at org.testng.internal.Invoker.invokeTestMethods(Invoker.java:1231)
	at org.testng.internal.TestMethodWorker.invokeTestMethods(TestMethodWorker.java:127)
	at org.testng.internal.TestMethodWorker.run(TestMethodWorker.java:111)
	at org.testng.TestRunner.privateRun(TestRunner.java:767)
	at org.testng.TestRunner.run(TestRunner.java:617)
	at org.testng.SuiteRunner.runTest(SuiteRunner.java:334)
	at org.testng.SuiteRunner.runSequentially(SuiteRunner.java:329)
	at org.testng.SuiteRunner.privateRun(SuiteRunner.java:291)
	at org.testng.SuiteRunner.run(SuiteRunner.java:240)
	at org.testng.SuiteRunnerWorker.runSuite(SuiteRunnerWorker.java:52)
	at org.testng.SuiteRunnerWorker.run(SuiteRunnerWorker.java:86)
	at org.testng.TestNG.runSuitesSequentially(TestNG.java:1224)
	at org.testng.TestNG.runSuitesLocally(TestNG.java:1149)
	at org.testng.TestNG.run(TestNG.java:1057)
	at org.testng.remote.RemoteTestNG.run(RemoteTestNG.java:111)
	at org.testng.remote.RemoteTestNG.initAndRun(RemoteTestNG.java:204)
	at org.testng.remote.RemoteTestNG.main(RemoteTestNG.java:175)
Caused by: org.apache.http.conn.HttpHostConnectException: Connection to http://127.0.0.1:7055 refused
	at org.apache.http.impl.conn.DefaultClientConnectionOperator.openConnection(DefaultClientConnectionOperator.java:190)
	at org.apache.http.impl.conn.AbstractPoolEntry.open(AbstractPoolEntry.java:151)
	at org.apache.http.impl.conn.AbstractPooledConnAdapter.open(AbstractPooledConnAdapter.java:125)
	at org.apache.http.impl.client.DefaultRequestDirector.tryConnect(DefaultRequestDirector.java:640)
	at org.apache.http.impl.client.DefaultRequestDirector.execute(DefaultRequestDirector.java:479)
	at org.apache.http.impl.client.AbstractHttpClient.execute(AbstractHttpClient.java:906)
	at org.openqa.selenium.remote.HttpCommandExecutor.fallBackExecute(HttpCommandExecutor.java:316)
	at org.openqa.selenium.remote.HttpCommandExecutor.execute(HttpCommandExecutor.java:295)
	at org.openqa.selenium.firefox.internal.NewProfileExtensionConnection.execute(NewProfileExtensionConnection.java:133)
	at org.openqa.selenium.firefox.FirefoxDriver$LazyCommandExecutor.execute(FirefoxDriver.java:355)
	at org.openqa.selenium.remote.RemoteWebDriver.execute(RemoteWebDriver.java:527)
	... 34 more
Caused by: java.net.ConnectException: Connection refused: connect
	at java.net.DualStackPlainSocketImpl.waitForConnect(Native Method)
	at java.net.DualStackPlainSocketImpl.socketConnect(DualStackPlainSocketImpl.java:75)
	at java.net.AbstractPlainSocketImpl.doConnect(AbstractPlainSocketImpl.java:337)
	at java.net.AbstractPlainSocketImpl.connectToAddress(AbstractPlainSocketImpl.java:198)
	at java.net.AbstractPlainSocketImpl.connect(AbstractPlainSocketImpl.java:180)
	at java.net.PlainSocketImpl.connect(PlainSocketImpl.java:157)
	at java.net.SocksSocketImpl.connect(SocksSocketImpl.java:391)
	at java.net.Socket.connect(Socket.java:579)
	at org.apache.http.conn.scheme.PlainSocketFactory.connectSocket(PlainSocketFactory.java:127)
	at org.apache.http.impl.conn.DefaultClientConnectionOperator.openConnection(DefaultClientConnectionOperator.java:180)
	... 44 more
]]>
            </full-stacktrace>
          </exception> <!-- org.openqa.selenium.remote.UnreachableBrowserException -->
          <reporter-output>
          </reporter-output>
        </test-method> <!-- common -->
      </class> <!-- AvaticsTestcases.Testcase1 -->
    </test> <!-- Default test -->
  </suite> <!-- Default suite -->
</testng-results>
