<?xml version="1.0" encoding="UTF-8"?>
<testng-results skipped="0" failed="1" total="4" passed="3">
  <reporter-output>
  </reporter-output>
  <suite name="Suite" duration-ms="59246" started-at="2017-07-21T12:24:47Z" finished-at="2017-07-21T12:25:46Z">
    <groups>
    </groups>
    <test name="Validating User login" duration-ms="35881" started-at="2017-07-21T12:24:47Z" finished-at="2017-07-21T12:25:23Z">
      <class name="Selenium.HomePage">
        <test-method status="PASS" signature="initialize()[pri:0, instance:Selenium.HomePage@7a675056]" name="initialize" is-config="true" duration-ms="4642" started-at="2017-07-21T17:54:47Z" finished-at="2017-07-21T17:54:52Z">
          <reporter-output>
          </reporter-output>
        </test-method> <!-- initialize -->
        <test-method status="PASS" signature="basePageNavigation(java.lang.String, java.lang.String, java.lang.String)[pri:0, instance:Selenium.HomePage@7a675056]" name="basePageNavigation" duration-ms="18972" started-at="2017-07-21T17:54:52Z" data-provider="getData" finished-at="2017-07-21T17:55:11Z">
          <params>
            <param index="0">
              <value>
                <![CDATA[nonrestricteduser@qw.com]]>
              </value>
            </param>
            <param index="1">
              <value>
                <![CDATA[123456]]>
              </value>
            </param>
            <param index="2">
              <value>
                <![CDATA[Restrcited User]]>
              </value>
            </param>
          </params>
          <reporter-output>
          </reporter-output>
        </test-method> <!-- basePageNavigation -->
        <test-method status="PASS" signature="basePageNavigation(java.lang.String, java.lang.String, java.lang.String)[pri:0, instance:Selenium.HomePage@7a675056]" name="basePageNavigation" duration-ms="11925" started-at="2017-07-21T17:55:11Z" data-provider="getData" finished-at="2017-07-21T17:55:23Z">
          <params>
            <param index="0">
              <value>
                <![CDATA[restricteduser@qw.com]]>
              </value>
            </param>
            <param index="1">
              <value>
                <![CDATA[456788]]>
              </value>
            </param>
            <param index="2">
              <value>
                <![CDATA[Non restricted user]]>
              </value>
            </param>
          </params>
          <reporter-output>
          </reporter-output>
        </test-method> <!-- basePageNavigation -->
        <test-method status="PASS" signature="teardown()[pri:0, instance:Selenium.HomePage@7a675056]" name="teardown" is-config="true" duration-ms="328" started-at="2017-07-21T17:55:23Z" finished-at="2017-07-21T17:55:23Z">
          <reporter-output>
          </reporter-output>
        </test-method> <!-- teardown -->
      </class> <!-- Selenium.HomePage -->
    </test> <!-- Validating User login -->
    <test name="Validating title in the Page" duration-ms="12379" started-at="2017-07-21T12:25:23Z" finished-at="2017-07-21T12:25:35Z">
      <class name="Selenium.validateTitle">
        <test-method status="PASS" signature="initialize()[pri:0, instance:Selenium.validateTitle@2f54a33d]" name="initialize" is-config="true" duration-ms="8759" started-at="2017-07-21T17:55:23Z" finished-at="2017-07-21T17:55:32Z">
          <reporter-output>
          </reporter-output>
        </test-method> <!-- initialize -->
        <test-method status="FAIL" signature="validateAppTitle()[pri:0, instance:Selenium.validateTitle@2f54a33d]" name="validateAppTitle" duration-ms="209" started-at="2017-07-21T17:55:32Z" finished-at="2017-07-21T17:55:32Z">
          <exception class="java.lang.AssertionError">
            <message>
              <![CDATA[expected [FEATURED CO123URSES] but found [FEATURED COURSES]]]>
            </message>
            <full-stacktrace>
              <![CDATA[java.lang.AssertionError: expected [FEATURED CO123URSES] but found [FEATURED COURSES]
	at org.testng.Assert.fail(Assert.java:94)
	at org.testng.Assert.failNotEquals(Assert.java:494)
	at org.testng.Assert.assertEquals(Assert.java:123)
	at org.testng.Assert.assertEquals(Assert.java:176)
	at org.testng.Assert.assertEquals(Assert.java:186)
	at Selenium.validateTitle.validateAppTitle(validateTitle.java:38)
	at sun.reflect.NativeMethodAccessorImpl.invoke0(Native Method)
	at sun.reflect.NativeMethodAccessorImpl.invoke(Unknown Source)
	at sun.reflect.DelegatingMethodAccessorImpl.invoke(Unknown Source)
	at java.lang.reflect.Method.invoke(Unknown Source)
	at org.testng.internal.MethodInvocationHelper.invokeMethod(MethodInvocationHelper.java:80)
	at org.testng.internal.Invoker.invokeMethod(Invoker.java:714)
	at org.testng.internal.Invoker.invokeTestMethod(Invoker.java:901)
	at org.testng.internal.Invoker.invokeTestMethods(Invoker.java:1231)
	at org.testng.internal.TestMethodWorker.invokeTestMethods(TestMethodWorker.java:127)
	at org.testng.internal.TestMethodWorker.run(TestMethodWorker.java:111)
	at org.testng.TestRunner.privateRun(TestRunner.java:767)
	at org.testng.TestRunner.run(TestRunner.java:617)
	at org.testng.SuiteRunner.runTest(SuiteRunner.java:334)
	at org.testng.SuiteRunner.runSequentially(SuiteRunner.java:329)
	at org.testng.SuiteRunner.privateRun(SuiteRunner.java:291)
	at org.testng.SuiteRunner.run(SuiteRunner.java:240)
	at org.testng.SuiteRunnerWorker.runSuite(SuiteRunnerWorker.java:52)
	at org.testng.SuiteRunnerWorker.run(SuiteRunnerWorker.java:86)
	at org.testng.TestNG.runSuitesSequentially(TestNG.java:1198)
	at org.testng.TestNG.runSuitesLocally(TestNG.java:1123)
	at org.testng.TestNG.run(TestNG.java:1031)
	at org.testng.remote.AbstractRemoteTestNG.run(AbstractRemoteTestNG.java:132)
	at org.testng.remote.RemoteTestNG.initAndRun(RemoteTestNG.java:230)
	at org.testng.remote.RemoteTestNG.main(RemoteTestNG.java:76)
]]>
            </full-stacktrace>
          </exception> <!-- java.lang.AssertionError -->
          <reporter-output>
          </reporter-output>
        </test-method> <!-- validateAppTitle -->
        <test-method status="PASS" signature="teardown()[pri:0, instance:Selenium.validateTitle@2f54a33d]" name="teardown" is-config="true" duration-ms="2168" started-at="2017-07-21T17:55:33Z" finished-at="2017-07-21T17:55:35Z">
          <reporter-output>
          </reporter-output>
        </test-method> <!-- teardown -->
      </class> <!-- Selenium.validateTitle -->
    </test> <!-- Validating title in the Page -->
    <test name="App Testing" duration-ms="3" started-at="2017-07-21T12:25:35Z" finished-at="2017-07-21T12:25:35Z">
    </test> <!-- App Testing -->
    <test name="Validating navigation Bar" duration-ms="10895" started-at="2017-07-21T12:25:35Z" finished-at="2017-07-21T12:25:46Z">
      <class name="Selenium.validateNavigationBar">
        <test-method status="PASS" signature="initialize()[pri:0, instance:Selenium.validateNavigationBar@8317c52]" name="initialize" is-config="true" duration-ms="8525" started-at="2017-07-21T17:55:35Z" finished-at="2017-07-21T17:55:44Z">
          <reporter-output>
          </reporter-output>
        </test-method> <!-- initialize -->
        <test-method status="PASS" signature="validateAppNavBar()[pri:0, instance:Selenium.validateNavigationBar@8317c52]" name="validateAppNavBar" duration-ms="209" started-at="2017-07-21T17:55:44Z" finished-at="2017-07-21T17:55:44Z">
          <reporter-output>
          </reporter-output>
        </test-method> <!-- validateAppNavBar -->
        <test-method status="PASS" signature="teardown()[pri:0, instance:Selenium.validateNavigationBar@8317c52]" name="teardown" is-config="true" duration-ms="2156" started-at="2017-07-21T17:55:44Z" finished-at="2017-07-21T17:55:46Z">
          <reporter-output>
          </reporter-output>
        </test-method> <!-- teardown -->
      </class> <!-- Selenium.validateNavigationBar -->
    </test> <!-- Validating navigation Bar -->
  </suite> <!-- Suite -->
</testng-results>
